<?xml version="1.0" encoding="UTF-8"?>
<!-- Generated by org.testng.reporters.JUnitReportReporter -->
<testsuite hostname="Madan" failures="0" tests="2" name="sauseLab.tests.negativeLoginTest" time="8.641" errors="0" timestamp="2025-07-24T18:20:28 IST" skipped="0">
  <testcase classname="sauseLab.tests.negativeLoginTest" name="negativeLogin_invalidPassword" time="4.409"/>
  <testcase classname="sauseLab.tests.negativeLoginTest" name="negativeLogin_lockedOutUser" time="4.232"/>
</testsuite> <!-- sauseLab.tests.negativeLoginTest -->
