<?xml version="1.0" encoding="UTF-8"?>
<!-- Generated by org.testng.reporters.JUnitReportReporter -->
<testsuite hostname="Madan" failures="0" tests="1" name="sauseLab.tests.RemoveItemFromCartTest" time="24.772" errors="0" timestamp="2025-07-24T18:20:28 IST" skipped="0">
  <testcase classname="sauseLab.tests.RemoveItemFromCartTest" name="removeProductFromCart" time="24.772"/>
</testsuite> <!-- sauseLab.tests.RemoveItemFromCartTest -->
